<?xml version="1.0" encoding="UTF-8"?>
<!-- Generated by org.testng.reporters.JUnitReportReporter -->
<testsuite hostname="DEV10" name="TestNGmavenexemple.CalculatorTest" tests="2" failures="0" timestamp="25 Apr 2019 20:22:40 GMT" time="0.002" errors="0">
  <testcase name="testSum" time="0.000" classname="TestNGmavenexemple.CalculatorTest"/>
  <testcase name="testDivison3" time="0.002" classname="TestNGmavenexemple.CalculatorTest"/>
</testsuite> <!-- TestNGmavenexemple.CalculatorTest -->
