<?xml version="1.0" encoding="UTF-8"?>
<!-- Generated by org.testng.reporters.JUnitReportReporter -->
<testsuite hostname="DEV10" name="TestNGmavenexemple.CalculatorTest" tests="1" failures="0" timestamp="16 Apr 2019 21:02:17 GMT" time="0.001" errors="0">
  <testcase name="testSum" time="0.001" classname="TestNGmavenexemple.CalculatorTest"/>
</testsuite> <!-- TestNGmavenexemple.CalculatorTest -->
