<?xml version="1.0" encoding="UTF-8"?>
<!-- Generated by org.testng.reporters.JUnitReportReporter -->
<testsuite hostname="DEV10" name="TestNGmavenexemple.CalculatorTest" tests="2" failures="0" timestamp="16 Apr 2019 20:53:13 GMT" time="0.008" errors="0">
  <testcase name="testSum" time="0.008" classname="TestNGmavenexemple.CalculatorTest"/>
  <testcase name="testDivison2" time="0.000" classname="TestNGmavenexemple.CalculatorTest"/>
</testsuite> <!-- TestNGmavenexemple.CalculatorTest -->
