<?xml version="1.0" encoding="UTF-8"?>
<!-- Generated by org.testng.reporters.JUnitReportReporter -->
<testsuite hostname="DEV10" name="TestNGmavenexemple.CalculatorTest" tests="2" failures="0" timestamp="15 Apr 2019 00:02:17 GMT" time="0.005" errors="0">
  <testcase name="testDivison1" time="0.004" classname="TestNGmavenexemple.CalculatorTest"/>
  <testcase name="testSum1" time="0.001" classname="TestNGmavenexemple.CalculatorTest"/>
</testsuite> <!-- TestNGmavenexemple.CalculatorTest -->
