<?xml version="1.0" encoding="UTF-8"?>
<!-- Generated by org.testng.reporters.JUnitReportReporter -->
<testsuite hostname="DEV10" name="TestNGmavenexemple.CalculatorTest" tests="2" failures="0" timestamp="15 Apr 2019 03:00:35 GMT" time="0.003" errors="0">
  <testcase name="testDivison2" time="0.002" classname="TestNGmavenexemple.CalculatorTest"/>
  <testcase name="testSum2" time="0.001" classname="TestNGmavenexemple.CalculatorTest"/>
</testsuite> <!-- TestNGmavenexemple.CalculatorTest -->
