<?xml version="1.0" encoding="UTF-8"?>
<!-- Generated by org.testng.reporters.JUnitReportReporter -->
<testsuite hostname="DEV10" name="TestNGmavenexemple.CalculatorTest" tests="2" failures="0" timestamp="15 Apr 2019 23:35:19 GMT" time="0.004" errors="0">
  <testcase name="testDivison99" time="0.003" classname="TestNGmavenexemple.CalculatorTest"/>
  <testcase name="testSum99" time="0.001" classname="TestNGmavenexemple.CalculatorTest"/>
</testsuite> <!-- TestNGmavenexemple.CalculatorTest -->
