<?xml version="1.0" encoding="UTF-8"?>
<!-- Generated by org.testng.reporters.JUnitReportReporter -->
<testsuite hostname="DEV10" name="TestNGmavenexemple.CalculatorTest" tests="2" failures="0" timestamp="14 Apr 2019 22:16:35 GMT" time="0.006" errors="0">
  <testcase name="testSum" time="0.002" classname="TestNGmavenexemple.CalculatorTest"/>
  <testcase name="testDivison" time="0.004" classname="TestNGmavenexemple.CalculatorTest"/>
</testsuite> <!-- TestNGmavenexemple.CalculatorTest -->
