<?xml version="1.0" encoding="UTF-8"?>
<!-- Generated by org.testng.reporters.JUnitReportReporter -->
<testsuite hostname="DEV10" name="TestNGmavenexemple.CalculatorTest" tests="2" failures="0" timestamp="29 Apr 2019 02:08:50 GMT" time="0.004" errors="0">
  <testcase name="testDivison" time="0.004" classname="TestNGmavenexemple.CalculatorTest"/>
  <testcase name="testSum" time="0.000" classname="TestNGmavenexemple.CalculatorTest"/>
</testsuite> <!-- TestNGmavenexemple.CalculatorTest -->
